<?xml version="1.0" encoding="UTF-8"?>
<!-- Generated by org.testng.reporters.JUnitReportReporter -->
<testsuite skipped="0" hostname="DESKTOP-APIROOT" name="com.sgtesting.actitime.testsuite.DriverScript" tests="2" failures="0" timestamp="2022-10-03T20:24:48 IST" time="153.883" errors="0">
  <testcase name="feature" time="43.419" classname="com.sgtesting.actitime.testsuite.DriverScript"/>
  <system-out/>
  <testcase name="feature" time="110.464" classname="com.sgtesting.actitime.testsuite.DriverScript"/>
  <system-out/>
</testsuite> <!-- com.sgtesting.actitime.testsuite.DriverScript -->
