<?xml version="1.0" encoding="UTF-8"?>
<!-- Generated by org.testng.reporters.JUnitReportReporter -->
<testsuite hostname="DESKTOP-APIROOT" failures="0" tests="8" name="com.sgtesting.TestNgscenario.UserScenario" time="101.075" errors="0" timestamp="2022-09-13T10:51:47 IST" skipped="0">
  <testcase classname="com.sgtesting.TestNgscenario.UserScenario" name="launchBrowser" time="5.248"/>
  <system-out/>
  <testcase classname="com.sgtesting.TestNgscenario.UserScenario" name="navigate" time="68.818"/>
  <system-out/>
  <testcase classname="com.sgtesting.TestNgscenario.UserScenario" name="login" time="21.538"/>
  <system-out/>
  <testcase classname="com.sgtesting.TestNgscenario.UserScenario" name="minimizeFlyOutWindow" time="0.244"/>
  <system-out/>
  <testcase classname="com.sgtesting.TestNgscenario.UserScenario" name="createUser" time="0.030"/>
  <system-out/>
  <testcase classname="com.sgtesting.TestNgscenario.UserScenario" name="deleteUser" time="0.030"/>
  <system-out/>
  <testcase classname="com.sgtesting.TestNgscenario.UserScenario" name="logout" time="0.035"/>
  <system-out/>
  <testcase classname="com.sgtesting.TestNgscenario.UserScenario" name="closeApplication" time="5.132"/>
  <system-out/>
</testsuite> <!-- com.sgtesting.TestNgscenario.UserScenario -->
