<?xml version="1.0" encoding="UTF-8"?>
<!-- Generated by org.testng.reporters.JUnitReportReporter -->
<testsuite skipped="0" hostname="DESKTOP-APIROOT" name="com.sgtesting.actitime.stepdefinitions.ForLoopsDemo" tests="1" failures="0" timestamp="2022-10-03T18:50:01 IST" time="0.131" errors="0">
  <testcase name="showNumbers" time="0.131" classname="com.sgtesting.actitime.stepdefinitions.ForLoopsDemo"/>
  <system-out/>
</testsuite> <!-- com.sgtesting.actitime.stepdefinitions.ForLoopsDemo -->
