<?xml version="1.0" encoding="UTF-8"?>
<!-- Generated by org.testng.reporters.JUnitReportReporter -->
<testsuite skipped="0" hostname="DESKTOP-APIROOT" name="com.sgtesting.actitime.stepdefinitions.LoginLogout" tests="3" failures="0" timestamp="2022-10-03T20:26:24 IST" time="28.993" errors="0">
  <testcase name="launchBrowser" time="12.534" classname="com.sgtesting.actitime.stepdefinitions.LoginLogout"/>
  <system-out/>
  <testcase name="navigate" time="12.057" classname="com.sgtesting.actitime.stepdefinitions.LoginLogout"/>
  <system-out/>
  <testcase name="login" time="4.402" classname="com.sgtesting.actitime.stepdefinitions.LoginLogout"/>
  <system-out/>
</testsuite> <!-- com.sgtesting.actitime.stepdefinitions.LoginLogout -->
